[MAGGEUM API]: 2023-01-15 06:03:28:328::[32m[3minfo[23m[39m::[32m[3m{[23m[39m
[32m[3m  _status: '🎊success',[23m[39m
[32m[3m  _id: '5889920f-ad69-4402-ae13-11caead61553',[23m[39m
[32m[3m  TIMESTAMP: 1673791408444,[23m[39m
[32m[3m  TOPIC: '[YouTube Meta Searcher]',[23m[39m
[32m[3m  QUERY: 'calm down',[23m[39m
[32m[3m  _youtube_search: [[23m[39m
[32m[3m    {[23m[39m
[32m[3m      YT_ID: 'WcIcVapfqXw',[23m[39m
[32m[3m      TITLE: 'Rema, Selena Gomez - Calm Down (Official Music Video)',[23m[39m
[32m[3m      UPLOADED: '4 months ago',[23m[39m
[32m[3m      VIEWS: 230593162,[23m[39m
[32m[3m      DURATION_FULL: '4:00',[23m[39m
[32m[3m      DURATION_SECONDS: 240,[23m[39m
[32m[3m      AUTHOR_NAME: 'Selena Gomez',[23m[39m
[32m[3m      AUTHOR_CHANNEL: 'https://youtube.com/channel/UCPNxhDvTcytIdvwXWAm43cA',[23m[39m
[32m[3m      LINK: 'https://youtube.com/watch?v=WcIcVapfqXw',[23m[39m
[32m[3m      THUMB: 'https://i.ytimg.com/vi/WcIcVapfqXw/hq720.jpg',[23m[39m
[32m[3m      HQ_IMAGE: 'https://i.ytimg.com/vi/WcIcVapfqXw/hq720.jpg',[23m[39m
[32m[3m      DESCRIPTION: '#rema #selenagomez #calmdown #raveandroses Music video by Rema, Selena Gomez performing Calm Down. © 2022 Mavin ...'[23m[39m
[32m[3m    }[23m[39m
[32m[3m  ][23m[39m
[32m[3m}[23m[39m >>
