[MAGGEUM API]: 2023-01-13 06:47:18:4718::[32m[3minfo[23m[39m::[32m[3m[[23m[39m
[32m[3m  {[23m[39m
[32m[3m    _status: '🎊success',[23m[39m
[32m[3m    _id: 'de71017f-4d02-48b7-9233-eb584bc0c5d7',[23m[39m
[32m[3m    TIMESTAMP: 1673621238002,[23m[39m
[32m[3m    TOPIC: 'Pinterest Searcher',[23m[39m
[32m[3m    QUERY: 'waifu',[23m[39m
[32m[3m    links: [[23m[39m
[32m[3m      'https://i.pinimg.com/736x/82/7d/84/827d8496da05de8a16ca0a4a43f553f2.jpg',[23m[39m
[32m[3m      'https://i.pinimg.com/736x/46/f9/ef/46f9ef5b8f4055a76dacf444b3a06618.jpg',[23m[39m
[32m[3m      'https://i.pinimg.com/736x/54/9c/b8/549cb8c5c25cd377c447e181cc953d34.jpg',[23m[39m
[32m[3m      'https://i.pinimg.com/736x/99/85/9f/99859fd7363a955730077495e959b85e.jpg',[23m[39m
[32m[3m      'https://i.pinimg.com/736x/1b/44/b8/1b44b81898298d3e64b56c3c921d3db3.jpg',[23m[39m
[32m[3m      'https://i.pinimg.com/736x/26/80/4e/26804ec2b235511995aea94f41c30367.jpg',[23m[39m
[32m[3m      'https://i.pinimg.com/736x/bc/9b/81/bc9b81c63b4844fd1a434d462bdfbd80.jpg',[23m[39m
[32m[3m      'https://i.pinimg.com/736x/9d/0e/25/9d0e25cbb10603e6748b011c38b03c01.jpg',[23m[39m
[32m[3m      'https://i.pinimg.com/736x/57/d9/20/57d920d58533915850b431bd0b8e1f1d.jpg',[23m[39m
[32m[3m      'https://i.pinimg.com/736x/0f/ba/06/0fba064b23b49379461c7cdca7ee0355.jpg',[23m[39m
[32m[3m      'https://i.pinimg.com/736x/98/b7/be/98b7be1d504252205552b4cbbf6afd1c.jpg',[23m[39m
[32m[3m      'https://i.pinimg.com/736x/99/05/de/9905de9dc38a64bece438db73b597886.jpg',[23m[39m
[32m[3m      'https://i.pinimg.com/736x/2f/be/99/2fbe9951068c82ccc4f77dcd4a4aa489.jpg',[23m[39m
[32m[3m      'https://i.pinimg.com/736x/8c/fe/1e/8cfe1eac7e73841ba46de1f83d369d3f.jpg',[23m[39m
[32m[3m      'https://i.pinimg.com/736x/ed/34/f8/ed34f88af161e6278993e1598c29a621.jpg',[23m[39m
[32m[3m      'https://i.pinimg.com/736x/01/51/27/01512766c52ede0d086326c16a74c303.jpg',[23m[39m
[32m[3m      'https://i.pinimg.com/736x/ef/78/0d/ef780d89399b53b23da95b3c28613d1f.jpg',[23m[39m
[32m[3m      'https://i.pinimg.com/736x/b3/39/99/b339991c6962aa8db4419f5db9a663c5.jpg',[23m[39m
[32m[3m      'https://i.pinimg.com/736x/9b/bf/1c/9bbf1c75222836f6278d771f18217fea.jpg'[23m[39m
[32m[3m    ][23m[39m
[32m[3m  }[23m[39m
[32m[3m][23m[39m >>
[MAGGEUM API]: 2023-01-13 06:47:27:4727::[32m[3minfo[23m[39m::[32m[3m[[23m[39m
[32m[3m  {[23m[39m
[32m[3m    _status: '🎊success',[23m[39m
[32m[3m    _id: '179fb7b5-5ab2-4e96-9a96-ad53b927ee45',[23m[39m
[32m[3m    TIMESTAMP: 1673621247953,[23m[39m
[32m[3m    TOPIC: 'Pinterest Searcher',[23m[39m
[32m[3m    QUERY: 'cat',[23m[39m
[32m[3m    links: [[23m[39m
[32m[3m      'https://i.pinimg.com/736x/b4/82/30/b48230b5961b9a5df91224313df8b4d5.jpg',[23m[39m
[32m[3m      'https://i.pinimg.com/736x/78/69/72/786972cceb9f7bf266778a5775848b12.jpg',[23m[39m
[32m[3m      'https://i.pinimg.com/736x/26/c7/35/26c7355fe46f62d84579857c6f8c4ea5.jpg',[23m[39m
[32m[3m      'https://i.pinimg.com/736x/c2/e0/75/c2e075bf8c8c1faec0567269afbd76b4.jpg',[23m[39m
[32m[3m      'https://i.pinimg.com/736x/79/a3/16/79a3168cf52edca304ff32db46e0f888.jpg',[23m[39m
[32m[3m      'https://i.pinimg.com/736x/96/a4/84/96a4844fdf738c98066242c293e88805.jpg',[23m[39m
[32m[3m      'https://i.pinimg.com/736x/22/71/48/22714827862d17e1a1a78bd344bfc5fc.jpg',[23m[39m
[32m[3m      'https://i.pinimg.com/736x/87/a8/a3/87a8a378128df67cc09df6eda20be10f.jpg',[23m[39m
[32m[3m      'https://i.pinimg.com/736x/ee/2a/71/ee2a7149341c2b23ae2e9c7358ec247d.jpg',[23m[39m
[32m[3m      'https://i.pinimg.com/736x/fe/ff/ac/feffaca71558dabc094a5fca4e8242b3.jpg',[23m[39m
[32m[3m      'https://i.pinimg.com/736x/7e/6a/6e/7e6a6edd9edea50c1273a6eb81d05ae9.jpg',[23m[39m
[32m[3m      'https://i.pinimg.com/736x/14/7a/ec/147aec9f1bb6c4586b718a0ace9121ca.jpg',[23m[39m
[32m[3m      'https://i.pinimg.com/736x/08/c5/fb/08c5fb6cd7734e40c545d8ae48d69551.jpg',[23m[39m
[32m[3m      'https://i.pinimg.com/736x/b0/33/6d/b0336de8b6ca431d44e0ad5ed76b1dd8.jpg',[23m[39m
[32m[3m      'https://i.pinimg.com/736x/0a/aa/07/0aaa074e5d590f6597c482563355e120.jpg',[23m[39m
[32m[3m      'https://i.pinimg.com/736x/d3/7c/33/d37c33b2921a5df2fc85040e32b28f6c.jpg',[23m[39m
[32m[3m      'https://i.pinimg.com/736x/2d/cf/63/2dcf63c23e359dd5fec6ced32d4d8805.jpg',[23m[39m
[32m[3m      'https://i.pinimg.com/736x/94/29/76/942976f5a1d91cbf8e51ab970044b1ae.jpg',[23m[39m
[32m[3m      'https://i.pinimg.com/736x/17/47/23/1747233c995f4fd0e1843a7a5b922020.jpg',[23m[39m
[32m[3m      'https://i.pinimg.com/736x/ef/f4/ea/eff4ea15944c7ef6fd47a24a4b82c687.jpg',[23m[39m
[32m[3m      'https://i.pinimg.com/736x/aa/ee/b7/aaeeb7276ffe0509e396512a62badbd9.jpg',[23m[39m
[32m[3m      'https://i.pinimg.com/736x/1d/42/d1/1d42d11c3a0047e30833ea19423f326a.jpg',[23m[39m
[32m[3m      'https://i.pinimg.com/736x/59/ec/f6/59ecf6b1014140e645931a27ee9e0869.jpg'[23m[39m
[32m[3m    ][23m[39m
[32m[3m  }[23m[39m
[32m[3m][23m[39m >>
[MAGGEUM API]: 2023-01-13 06:48:17:4817::[32m[3minfo[23m[39m::[32m[3m[[23m[39m
[32m[3m  {[23m[39m
[32m[3m    _status: '🎊success',[23m[39m
[32m[3m    _id: '3d8a87a4-d55e-40ea-b63b-80b953ecc252',[23m[39m
[32m[3m    TIMESTAMP: 1673621297923,[23m[39m
[32m[3m    TOPIC: 'Pinterest Searcher',[23m[39m
[32m[3m    QUERY: 'cat',[23m[39m
[32m[3m    links: [[23m[39m
[32m[3m      'https://i.pinimg.com/736x/b4/82/30/b48230b5961b9a5df91224313df8b4d5.jpg',[23m[39m
[32m[3m      'https://i.pinimg.com/736x/78/69/72/786972cceb9f7bf266778a5775848b12.jpg',[23m[39m
[32m[3m      'https://i.pinimg.com/736x/26/c7/35/26c7355fe46f62d84579857c6f8c4ea5.jpg',[23m[39m
[32m[3m      'https://i.pinimg.com/736x/c2/e0/75/c2e075bf8c8c1faec0567269afbd76b4.jpg',[23m[39m
[32m[3m      'https://i.pinimg.com/736x/79/a3/16/79a3168cf52edca304ff32db46e0f888.jpg',[23m[39m
[32m[3m      'https://i.pinimg.com/736x/96/a4/84/96a4844fdf738c98066242c293e88805.jpg',[23m[39m
[32m[3m      'https://i.pinimg.com/736x/22/71/48/22714827862d17e1a1a78bd344bfc5fc.jpg',[23m[39m
[32m[3m      'https://i.pinimg.com/736x/87/a8/a3/87a8a378128df67cc09df6eda20be10f.jpg',[23m[39m
[32m[3m      'https://i.pinimg.com/736x/ee/2a/71/ee2a7149341c2b23ae2e9c7358ec247d.jpg',[23m[39m
[32m[3m      'https://i.pinimg.com/736x/fe/ff/ac/feffaca71558dabc094a5fca4e8242b3.jpg',[23m[39m
[32m[3m      'https://i.pinimg.com/736x/7e/6a/6e/7e6a6edd9edea50c1273a6eb81d05ae9.jpg',[23m[39m
[32m[3m      'https://i.pinimg.com/736x/14/7a/ec/147aec9f1bb6c4586b718a0ace9121ca.jpg',[23m[39m
[32m[3m      'https://i.pinimg.com/736x/08/c5/fb/08c5fb6cd7734e40c545d8ae48d69551.jpg',[23m[39m
[32m[3m      'https://i.pinimg.com/736x/b0/33/6d/b0336de8b6ca431d44e0ad5ed76b1dd8.jpg',[23m[39m
[32m[3m      'https://i.pinimg.com/736x/0a/aa/07/0aaa074e5d590f6597c482563355e120.jpg',[23m[39m
[32m[3m      'https://i.pinimg.com/736x/d3/7c/33/d37c33b2921a5df2fc85040e32b28f6c.jpg',[23m[39m
[32m[3m      'https://i.pinimg.com/736x/2d/cf/63/2dcf63c23e359dd5fec6ced32d4d8805.jpg',[23m[39m
[32m[3m      'https://i.pinimg.com/736x/94/29/76/942976f5a1d91cbf8e51ab970044b1ae.jpg',[23m[39m
[32m[3m      'https://i.pinimg.com/736x/17/47/23/1747233c995f4fd0e1843a7a5b922020.jpg',[23m[39m
[32m[3m      'https://i.pinimg.com/736x/ef/f4/ea/eff4ea15944c7ef6fd47a24a4b82c687.jpg',[23m[39m
[32m[3m      'https://i.pinimg.com/736x/aa/ee/b7/aaeeb7276ffe0509e396512a62badbd9.jpg',[23m[39m
[32m[3m      'https://i.pinimg.com/736x/1d/42/d1/1d42d11c3a0047e30833ea19423f326a.jpg',[23m[39m
[32m[3m      'https://i.pinimg.com/736x/59/ec/f6/59ecf6b1014140e645931a27ee9e0869.jpg'[23m[39m
[32m[3m    ][23m[39m
[32m[3m  }[23m[39m
[32m[3m][23m[39m >>
[MAGGEUM API]: 2023-01-13 06:50:09:509::[32m[3minfo[23m[39m::[32m[3m[[23m[39m
[32m[3m  {[23m[39m
[32m[3m    _status: '🎊success',[23m[39m
[32m[3m    _id: '109fb216-1993-494d-aa9b-b01497d6ca15',[23m[39m
[32m[3m    TIMESTAMP: 1673621409348,[23m[39m
[32m[3m    TOPIC: 'Pinterest Searcher',[23m[39m
[32m[3m    QUERY: 'cat',[23m[39m
[32m[3m    links: [[23m[39m
[32m[3m      'https://i.pinimg.com/736x/b4/82/30/b48230b5961b9a5df91224313df8b4d5.jpg',[23m[39m
[32m[3m      'https://i.pinimg.com/736x/78/69/72/786972cceb9f7bf266778a5775848b12.jpg',[23m[39m
[32m[3m      'https://i.pinimg.com/736x/26/c7/35/26c7355fe46f62d84579857c6f8c4ea5.jpg',[23m[39m
[32m[3m      'https://i.pinimg.com/736x/c2/e0/75/c2e075bf8c8c1faec0567269afbd76b4.jpg',[23m[39m
[32m[3m      'https://i.pinimg.com/736x/79/a3/16/79a3168cf52edca304ff32db46e0f888.jpg',[23m[39m
[32m[3m      'https://i.pinimg.com/736x/96/a4/84/96a4844fdf738c98066242c293e88805.jpg',[23m[39m
[32m[3m      'https://i.pinimg.com/736x/22/71/48/22714827862d17e1a1a78bd344bfc5fc.jpg',[23m[39m
[32m[3m      'https://i.pinimg.com/736x/87/a8/a3/87a8a378128df67cc09df6eda20be10f.jpg',[23m[39m
[32m[3m      'https://i.pinimg.com/736x/ee/2a/71/ee2a7149341c2b23ae2e9c7358ec247d.jpg',[23m[39m
[32m[3m      'https://i.pinimg.com/736x/fe/ff/ac/feffaca71558dabc094a5fca4e8242b3.jpg',[23m[39m
[32m[3m      'https://i.pinimg.com/736x/7e/6a/6e/7e6a6edd9edea50c1273a6eb81d05ae9.jpg',[23m[39m
[32m[3m      'https://i.pinimg.com/736x/14/7a/ec/147aec9f1bb6c4586b718a0ace9121ca.jpg',[23m[39m
[32m[3m      'https://i.pinimg.com/736x/08/c5/fb/08c5fb6cd7734e40c545d8ae48d69551.jpg',[23m[39m
[32m[3m      'https://i.pinimg.com/736x/b0/33/6d/b0336de8b6ca431d44e0ad5ed76b1dd8.jpg',[23m[39m
[32m[3m      'https://i.pinimg.com/736x/0a/aa/07/0aaa074e5d590f6597c482563355e120.jpg',[23m[39m
[32m[3m      'https://i.pinimg.com/736x/d3/7c/33/d37c33b2921a5df2fc85040e32b28f6c.jpg',[23m[39m
[32m[3m      'https://i.pinimg.com/736x/2d/cf/63/2dcf63c23e359dd5fec6ced32d4d8805.jpg',[23m[39m
[32m[3m      'https://i.pinimg.com/736x/94/29/76/942976f5a1d91cbf8e51ab970044b1ae.jpg',[23m[39m
[32m[3m      'https://i.pinimg.com/736x/17/47/23/1747233c995f4fd0e1843a7a5b922020.jpg',[23m[39m
[32m[3m      'https://i.pinimg.com/736x/ef/f4/ea/eff4ea15944c7ef6fd47a24a4b82c687.jpg',[23m[39m
[32m[3m      'https://i.pinimg.com/736x/aa/ee/b7/aaeeb7276ffe0509e396512a62badbd9.jpg',[23m[39m
[32m[3m      'https://i.pinimg.com/736x/1d/42/d1/1d42d11c3a0047e30833ea19423f326a.jpg',[23m[39m
[32m[3m      'https://i.pinimg.com/736x/59/ec/f6/59ecf6b1014140e645931a27ee9e0869.jpg'[23m[39m
[32m[3m    ][23m[39m
[32m[3m  }[23m[39m
[32m[3m][23m[39m >>
